Analysis & Synthesis report for neander
Mon May 24 14:07:36 2021
Quartus Prime Version 20.1.1 Build 720 11/11/2020 SJ Lite Edition


---------------------
; Table of Contents ;
---------------------
  1. Legal Notice
  2. Analysis & Synthesis Summary
  3. Analysis & Synthesis Settings
  4. Parallel Compilation
  5. Analysis & Synthesis Source Files Read
  6. Analysis & Synthesis Resource Usage Summary
  7. Analysis & Synthesis Resource Utilization by Entity
  8. Registers Removed During Synthesis
  9. General Register Statistics
 10. Multiplexer Restructuring Statistics (Restructuring Performed)
 11. Post-Synthesis Netlist Statistics for Top Partition
 12. Elapsed Time Per Partition
 13. Analysis & Synthesis Messages



----------------
; Legal Notice ;
----------------
Copyright (C) 2020  Intel Corporation. All rights reserved.
Your use of Intel Corporation's design tools, logic functions 
and other software and tools, and any partner logic 
functions, and any output files from any of the foregoing 
(including device programming or simulation files), and any 
associated documentation or information are expressly subject 
to the terms and conditions of the Intel Program License 
Subscription Agreement, the Intel Quartus Prime License Agreement,
the Intel FPGA IP License Agreement, or other applicable license
agreement, including, without limitation, that your use is for
the sole purpose of programming logic devices manufactured by
Intel and sold by Intel or its authorized distributors.  Please
refer to the applicable agreement for further details, at
https://fpgasoftware.intel.com/eula.



+----------------------------------------------------------------------------------+
; Analysis & Synthesis Summary                                                     ;
+------------------------------------+---------------------------------------------+
; Analysis & Synthesis Status        ; Successful - Mon May 24 14:07:36 2021       ;
; Quartus Prime Version              ; 20.1.1 Build 720 11/11/2020 SJ Lite Edition ;
; Revision Name                      ; neander                                     ;
; Top-level Entity Name              ; neander                                     ;
; Family                             ; Cyclone IV E                                ;
; Total logic elements               ; 126                                         ;
;     Total combinational functions  ; 102                                         ;
;     Dedicated logic registers      ; 52                                          ;
; Total registers                    ; 52                                          ;
; Total pins                         ; 67                                          ;
; Total virtual pins                 ; 0                                           ;
; Total memory bits                  ; 0                                           ;
; Embedded Multiplier 9-bit elements ; 0                                           ;
; Total PLLs                         ; 0                                           ;
+------------------------------------+---------------------------------------------+


+------------------------------------------------------------------------------------------------------------+
; Analysis & Synthesis Settings                                                                              ;
+------------------------------------------------------------------+--------------------+--------------------+
; Option                                                           ; Setting            ; Default Value      ;
+------------------------------------------------------------------+--------------------+--------------------+
; Top-level entity name                                            ; neander            ; neander            ;
; Family name                                                      ; Cyclone IV E       ; Cyclone V          ;
; Use smart compilation                                            ; Off                ; Off                ;
; Enable parallel Assembler and Timing Analyzer during compilation ; On                 ; On                 ;
; Enable compact report table                                      ; Off                ; Off                ;
; Restructure Multiplexers                                         ; Auto               ; Auto               ;
; Create Debugging Nodes for IP Cores                              ; Off                ; Off                ;
; Preserve fewer node names                                        ; On                 ; On                 ;
; Intel FPGA IP Evaluation Mode                                    ; Enable             ; Enable             ;
; Verilog Version                                                  ; Verilog_2001       ; Verilog_2001       ;
; VHDL Version                                                     ; VHDL_1993          ; VHDL_1993          ;
; State Machine Processing                                         ; Auto               ; Auto               ;
; Safe State Machine                                               ; Off                ; Off                ;
; Extract Verilog State Machines                                   ; On                 ; On                 ;
; Extract VHDL State Machines                                      ; On                 ; On                 ;
; Ignore Verilog initial constructs                                ; Off                ; Off                ;
; Iteration limit for constant Verilog loops                       ; 5000               ; 5000               ;
; Iteration limit for non-constant Verilog loops                   ; 250                ; 250                ;
; Add Pass-Through Logic to Inferred RAMs                          ; On                 ; On                 ;
; Infer RAMs from Raw Logic                                        ; On                 ; On                 ;
; Parallel Synthesis                                               ; On                 ; On                 ;
; DSP Block Balancing                                              ; Auto               ; Auto               ;
; NOT Gate Push-Back                                               ; On                 ; On                 ;
; Power-Up Don't Care                                              ; On                 ; On                 ;
; Remove Redundant Logic Cells                                     ; Off                ; Off                ;
; Remove Duplicate Registers                                       ; On                 ; On                 ;
; Ignore CARRY Buffers                                             ; Off                ; Off                ;
; Ignore CASCADE Buffers                                           ; Off                ; Off                ;
; Ignore GLOBAL Buffers                                            ; Off                ; Off                ;
; Ignore ROW GLOBAL Buffers                                        ; Off                ; Off                ;
; Ignore LCELL Buffers                                             ; Off                ; Off                ;
; Ignore SOFT Buffers                                              ; On                 ; On                 ;
; Limit AHDL Integers to 32 Bits                                   ; Off                ; Off                ;
; Optimization Technique                                           ; Balanced           ; Balanced           ;
; Carry Chain Length                                               ; 70                 ; 70                 ;
; Auto Carry Chains                                                ; On                 ; On                 ;
; Auto Open-Drain Pins                                             ; On                 ; On                 ;
; Perform WYSIWYG Primitive Resynthesis                            ; Off                ; Off                ;
; Auto ROM Replacement                                             ; On                 ; On                 ;
; Auto RAM Replacement                                             ; On                 ; On                 ;
; Auto DSP Block Replacement                                       ; On                 ; On                 ;
; Auto Shift Register Replacement                                  ; Auto               ; Auto               ;
; Allow Shift Register Merging across Hierarchies                  ; Auto               ; Auto               ;
; Auto Clock Enable Replacement                                    ; On                 ; On                 ;
; Strict RAM Replacement                                           ; Off                ; Off                ;
; Allow Synchronous Control Signals                                ; On                 ; On                 ;
; Force Use of Synchronous Clear Signals                           ; Off                ; Off                ;
; Auto RAM Block Balancing                                         ; On                 ; On                 ;
; Auto RAM to Logic Cell Conversion                                ; Off                ; Off                ;
; Auto Resource Sharing                                            ; Off                ; Off                ;
; Allow Any RAM Size For Recognition                               ; Off                ; Off                ;
; Allow Any ROM Size For Recognition                               ; Off                ; Off                ;
; Allow Any Shift Register Size For Recognition                    ; Off                ; Off                ;
; Use LogicLock Constraints during Resource Balancing              ; On                 ; On                 ;
; Ignore translate_off and synthesis_off directives                ; Off                ; Off                ;
; Timing-Driven Synthesis                                          ; On                 ; On                 ;
; Report Parameter Settings                                        ; On                 ; On                 ;
; Report Source Assignments                                        ; On                 ; On                 ;
; Report Connectivity Checks                                       ; On                 ; On                 ;
; Ignore Maximum Fan-Out Assignments                               ; Off                ; Off                ;
; Synchronization Register Chain Length                            ; 2                  ; 2                  ;
; Power Optimization During Synthesis                              ; Normal compilation ; Normal compilation ;
; HDL message level                                                ; Level2             ; Level2             ;
; Suppress Register Optimization Related Messages                  ; Off                ; Off                ;
; Number of Removed Registers Reported in Synthesis Report         ; 5000               ; 5000               ;
; Number of Swept Nodes Reported in Synthesis Report               ; 5000               ; 5000               ;
; Number of Inverted Registers Reported in Synthesis Report        ; 100                ; 100                ;
; Clock MUX Protection                                             ; On                 ; On                 ;
; Auto Gated Clock Conversion                                      ; Off                ; Off                ;
; Block Design Naming                                              ; Auto               ; Auto               ;
; SDC constraint protection                                        ; Off                ; Off                ;
; Synthesis Effort                                                 ; Auto               ; Auto               ;
; Shift Register Replacement - Allow Asynchronous Clear Signal     ; On                 ; On                 ;
; Pre-Mapping Resynthesis Optimization                             ; Off                ; Off                ;
; Analysis & Synthesis Message Level                               ; Medium             ; Medium             ;
; Disable Register Merging Across Hierarchies                      ; Auto               ; Auto               ;
; Resource Aware Inference For Block RAM                           ; On                 ; On                 ;
+------------------------------------------------------------------+--------------------+--------------------+


+------------------------------------------+
; Parallel Compilation                     ;
+----------------------------+-------------+
; Processors                 ; Number      ;
+----------------------------+-------------+
; Number detected on machine ; 8           ;
; Maximum allowed            ; 4           ;
;                            ;             ;
; Average used               ; 1.00        ;
; Maximum used               ; 4           ;
;                            ;             ;
; Usage by Processor         ; % Time Used ;
;     Processor 1            ; 100.0%      ;
;     Processors 2-4         ;   0.0%      ;
+----------------------------+-------------+


+--------------------------------------------------------------------------------------------------------------------------------------------------------------------------+
; Analysis & Synthesis Source Files Read                                                                                                                                   ;
+----------------------------------+-----------------+------------------------------------------+----------------------------------------------------------------+---------+
; File Name with User-Entered Path ; Used in Netlist ; File Type                                ; File Name with Absolute Path                                   ; Library ;
+----------------------------------+-----------------+------------------------------------------+----------------------------------------------------------------+---------+
; contador-3bits.bdf               ; yes             ; User Block Diagram/Schematic File        ; D:/intelFPGA_lite/20.1/neander/contador-3bits.bdf              ;         ;
; neander.bdf                      ; yes             ; User Block Diagram/Schematic File        ; D:/intelFPGA_lite/20.1/neander/neander.bdf                     ;         ;
; encodeULA_OP.bdf                 ; yes             ; User Block Diagram/Schematic File        ; D:/intelFPGA_lite/20.1/neander/encodeULA_OP.bdf                ;         ;
; unidade_de_controle_neander.bdf  ; yes             ; Auto-Found Block Diagram/Schematic File  ; D:/intelFPGA_lite/20.1/neander/unidade_de_controle_neander.bdf ;         ;
; temporizador.bdf                 ; yes             ; Auto-Found Block Diagram/Schematic File  ; D:/intelFPGA_lite/20.1/neander/temporizador.bdf                ;         ;
; decodificador_instrucoes.bdf     ; yes             ; Auto-Found Block Diagram/Schematic File  ; D:/intelFPGA_lite/20.1/neander/decodificador_instrucoes.bdf    ;         ;
; neander_datapath.bdf             ; yes             ; Auto-Found Block Diagram/Schematic File  ; D:/intelFPGA_lite/20.1/neander/neander_datapath.bdf            ;         ;
; nz.bdf                           ; yes             ; Auto-Found Block Diagram/Schematic File  ; D:/intelFPGA_lite/20.1/neander/nz.bdf                          ;         ;
; multiplexador-2-1.bdf            ; yes             ; Auto-Found Block Diagram/Schematic File  ; D:/intelFPGA_lite/20.1/neander/multiplexador-2-1.bdf           ;         ;
; ula_neander.bdf                  ; yes             ; Auto-Found Block Diagram/Schematic File  ; D:/intelFPGA_lite/20.1/neander/ula_neander.bdf                 ;         ;
; ulaneander1bitfa.bdf             ; yes             ; Auto-Found Block Diagram/Schematic File  ; D:/intelFPGA_lite/20.1/neander/ulaneander1bitfa.bdf            ;         ;
; mux5x1.bdf                       ; yes             ; Auto-Found Block Diagram/Schematic File  ; D:/intelFPGA_lite/20.1/neander/mux5x1.bdf                      ;         ;
; somadorcompleto.bdf              ; yes             ; Auto-Found Block Diagram/Schematic File  ; D:/intelFPGA_lite/20.1/neander/somadorcompleto.bdf             ;         ;
; meiosomador.bdf                  ; yes             ; Auto-Found Block Diagram/Schematic File  ; D:/intelFPGA_lite/20.1/neander/meiosomador.bdf                 ;         ;
; ulaneander1bit.bdf               ; yes             ; Auto-Found Block Diagram/Schematic File  ; D:/intelFPGA_lite/20.1/neander/ulaneander1bit.bdf              ;         ;
; registrador.bdf                  ; yes             ; Auto-Found Block Diagram/Schematic File  ; D:/intelFPGA_lite/20.1/neander/registrador.bdf                 ;         ;
; registradorpc.bdf                ; yes             ; Auto-Found Block Diagram/Schematic File  ; D:/intelFPGA_lite/20.1/neander/registradorpc.bdf               ;         ;
; multiplexador.bdf                ; yes             ; Auto-Found Block Diagram/Schematic File  ; D:/intelFPGA_lite/20.1/neander/multiplexador.bdf               ;         ;
+----------------------------------+-----------------+------------------------------------------+----------------------------------------------------------------+---------+


+---------------------------------------------------------+
; Analysis & Synthesis Resource Usage Summary             ;
+---------------------------------------------+-----------+
; Resource                                    ; Usage     ;
+---------------------------------------------+-----------+
; Estimated Total logic elements              ; 126       ;
;                                             ;           ;
; Total combinational functions               ; 102       ;
; Logic element usage by number of LUT inputs ;           ;
;     -- 4 input functions                    ; 64        ;
;     -- 3 input functions                    ; 32        ;
;     -- <=2 input functions                  ; 6         ;
;                                             ;           ;
; Logic elements by mode                      ;           ;
;     -- normal mode                          ; 102       ;
;     -- arithmetic mode                      ; 0         ;
;                                             ;           ;
; Total registers                             ; 52        ;
;     -- Dedicated logic registers            ; 52        ;
;     -- I/O registers                        ; 0         ;
;                                             ;           ;
; I/O pins                                    ; 67        ;
;                                             ;           ;
; Embedded Multiplier 9-bit elements          ; 0         ;
;                                             ;           ;
; Maximum fan-out node                        ; CLK~input ;
; Maximum fan-out                             ; 52        ;
; Total fan-out                               ; 633       ;
; Average fan-out                             ; 2.20      ;
+---------------------------------------------+-----------+


+----------------------------------------------------------------------------------------------------------------------------------------------------------------------------------------------------------------------------------------------------------------------------------------------------------------------------------+
; Analysis & Synthesis Resource Utilization by Entity                                                                                                                                                                                                                                                                              ;
+------------------------------------------+---------------------+---------------------------+-------------+--------------+---------+-----------+------+--------------+---------------------------------------------------------------------------------------------------------------+-----------------------------+--------------+
; Compilation Hierarchy Node               ; Combinational ALUTs ; Dedicated Logic Registers ; Memory Bits ; DSP Elements ; DSP 9x9 ; DSP 18x18 ; Pins ; Virtual Pins ; Full Hierarchy Name                                                                                           ; Entity Name                 ; Library Name ;
+------------------------------------------+---------------------+---------------------------+-------------+--------------+---------+-----------+------+--------------+---------------------------------------------------------------------------------------------------------------+-----------------------------+--------------+
; |neander                                 ; 102 (0)             ; 52 (0)                    ; 0           ; 0            ; 0       ; 0         ; 67   ; 0            ; |neander                                                                                                      ; neander                     ; work         ;
;    |encodeULA_OP:inst2|                  ; 2 (2)               ; 0 (0)                     ; 0           ; 0            ; 0       ; 0         ; 0    ; 0            ; |neander|encodeULA_OP:inst2                                                                                   ; encodeULA_OP                ; work         ;
;    |neander_datapath:inst3|              ; 61 (0)              ; 49 (0)                    ; 0           ; 0            ; 0       ; 0         ; 0    ; 0            ; |neander|neander_datapath:inst3                                                                               ; neander_datapath            ; work         ;
;       |NZ:NZ|                            ; 3 (3)               ; 2 (2)                     ; 0           ; 0            ; 0       ; 0         ; 0    ; 0            ; |neander|neander_datapath:inst3|NZ:NZ                                                                         ; NZ                          ; work         ;
;       |registrador:AC|                   ; 0 (0)               ; 7 (7)                     ; 0           ; 0            ; 0       ; 0         ; 0    ; 0            ; |neander|neander_datapath:inst3|registrador:AC                                                                ; registrador                 ; work         ;
;       |registrador:RDMr|                 ; 0 (0)               ; 8 (8)                     ; 0           ; 0            ; 0       ; 0         ; 0    ; 0            ; |neander|neander_datapath:inst3|registrador:RDMr                                                              ; registrador                 ; work         ;
;       |registrador:RDMw|                 ; 0 (0)               ; 8 (8)                     ; 0           ; 0            ; 0       ; 0         ; 0    ; 0            ; |neander|neander_datapath:inst3|registrador:RDMw                                                              ; registrador                 ; work         ;
;       |registrador:REM|                  ; 8 (0)               ; 8 (8)                     ; 0           ; 0            ; 0       ; 0         ; 0    ; 0            ; |neander|neander_datapath:inst3|registrador:REM                                                               ; registrador                 ; work         ;
;          |multiplexador-2-1:bit0|        ; 1 (1)               ; 0 (0)                     ; 0           ; 0            ; 0       ; 0         ; 0    ; 0            ; |neander|neander_datapath:inst3|registrador:REM|multiplexador-2-1:bit0                                        ; multiplexador-2-1           ; work         ;
;          |multiplexador-2-1:bit1|        ; 1 (1)               ; 0 (0)                     ; 0           ; 0            ; 0       ; 0         ; 0    ; 0            ; |neander|neander_datapath:inst3|registrador:REM|multiplexador-2-1:bit1                                        ; multiplexador-2-1           ; work         ;
;          |multiplexador-2-1:bit2|        ; 1 (1)               ; 0 (0)                     ; 0           ; 0            ; 0       ; 0         ; 0    ; 0            ; |neander|neander_datapath:inst3|registrador:REM|multiplexador-2-1:bit2                                        ; multiplexador-2-1           ; work         ;
;          |multiplexador-2-1:bit3|        ; 1 (1)               ; 0 (0)                     ; 0           ; 0            ; 0       ; 0         ; 0    ; 0            ; |neander|neander_datapath:inst3|registrador:REM|multiplexador-2-1:bit3                                        ; multiplexador-2-1           ; work         ;
;          |multiplexador-2-1:bit4|        ; 1 (1)               ; 0 (0)                     ; 0           ; 0            ; 0       ; 0         ; 0    ; 0            ; |neander|neander_datapath:inst3|registrador:REM|multiplexador-2-1:bit4                                        ; multiplexador-2-1           ; work         ;
;          |multiplexador-2-1:bit5|        ; 1 (1)               ; 0 (0)                     ; 0           ; 0            ; 0       ; 0         ; 0    ; 0            ; |neander|neander_datapath:inst3|registrador:REM|multiplexador-2-1:bit5                                        ; multiplexador-2-1           ; work         ;
;          |multiplexador-2-1:bit6|        ; 1 (1)               ; 0 (0)                     ; 0           ; 0            ; 0       ; 0         ; 0    ; 0            ; |neander|neander_datapath:inst3|registrador:REM|multiplexador-2-1:bit6                                        ; multiplexador-2-1           ; work         ;
;          |multiplexador-2-1:bit7|        ; 1 (1)               ; 0 (0)                     ; 0           ; 0            ; 0       ; 0         ; 0    ; 0            ; |neander|neander_datapath:inst3|registrador:REM|multiplexador-2-1:bit7                                        ; multiplexador-2-1           ; work         ;
;       |registrador:RI|                   ; 0 (0)               ; 8 (8)                     ; 0           ; 0            ; 0       ; 0         ; 0    ; 0            ; |neander|neander_datapath:inst3|registrador:RI                                                                ; registrador                 ; work         ;
;       |registradorPC:PC|                 ; 15 (15)             ; 8 (8)                     ; 0           ; 0            ; 0       ; 0         ; 0    ; 0            ; |neander|neander_datapath:inst3|registradorPC:PC                                                              ; registradorPC               ; work         ;
;       |ula_neander:inst99|               ; 35 (0)              ; 0 (0)                     ; 0           ; 0            ; 0       ; 0         ; 0    ; 0            ; |neander|neander_datapath:inst3|ula_neander:inst99                                                            ; ula_neander                 ; work         ;
;          |ulaneander1bit:inst|           ; 2 (0)               ; 0 (0)                     ; 0           ; 0            ; 0       ; 0         ; 0    ; 0            ; |neander|neander_datapath:inst3|ula_neander:inst99|ulaneander1bit:inst                                        ; ulaneander1bit              ; work         ;
;             |mux5x1:mux|                 ; 2 (0)               ; 0 (0)                     ; 0           ; 0            ; 0       ; 0         ; 0    ; 0            ; |neander|neander_datapath:inst3|ula_neander:inst99|ulaneander1bit:inst|mux5x1:mux                             ; mux5x1                      ; work         ;
;                |multiplexador-2-1:inst6| ; 2 (2)               ; 0 (0)                     ; 0           ; 0            ; 0       ; 0         ; 0    ; 0            ; |neander|neander_datapath:inst3|ula_neander:inst99|ulaneander1bit:inst|mux5x1:mux|multiplexador-2-1:inst6     ; multiplexador-2-1           ; work         ;
;          |ulaneander1bitFA:inst10|       ; 5 (0)               ; 0 (0)                     ; 0           ; 0            ; 0       ; 0         ; 0    ; 0            ; |neander|neander_datapath:inst3|ula_neander:inst99|ulaneander1bitFA:inst10                                    ; ulaneander1bitFA            ; work         ;
;             |mux5x1:mux|                 ; 5 (0)               ; 0 (0)                     ; 0           ; 0            ; 0       ; 0         ; 0    ; 0            ; |neander|neander_datapath:inst3|ula_neander:inst99|ulaneander1bitFA:inst10|mux5x1:mux                         ; mux5x1                      ; work         ;
;                |multiplexador-2-1:inst6| ; 5 (5)               ; 0 (0)                     ; 0           ; 0            ; 0       ; 0         ; 0    ; 0            ; |neander|neander_datapath:inst3|ula_neander:inst99|ulaneander1bitFA:inst10|mux5x1:mux|multiplexador-2-1:inst6 ; multiplexador-2-1           ; work         ;
;          |ulaneander1bitFA:inst4|        ; 5 (0)               ; 0 (0)                     ; 0           ; 0            ; 0       ; 0         ; 0    ; 0            ; |neander|neander_datapath:inst3|ula_neander:inst99|ulaneander1bitFA:inst4                                     ; ulaneander1bitFA            ; work         ;
;             |mux5x1:mux|                 ; 4 (0)               ; 0 (0)                     ; 0           ; 0            ; 0       ; 0         ; 0    ; 0            ; |neander|neander_datapath:inst3|ula_neander:inst99|ulaneander1bitFA:inst4|mux5x1:mux                          ; mux5x1                      ; work         ;
;                |multiplexador-2-1:inst6| ; 4 (4)               ; 0 (0)                     ; 0           ; 0            ; 0       ; 0         ; 0    ; 0            ; |neander|neander_datapath:inst3|ula_neander:inst99|ulaneander1bitFA:inst4|mux5x1:mux|multiplexador-2-1:inst6  ; multiplexador-2-1           ; work         ;
;             |somadorcompleto:inst|       ; 1 (1)               ; 0 (0)                     ; 0           ; 0            ; 0       ; 0         ; 0    ; 0            ; |neander|neander_datapath:inst3|ula_neander:inst99|ulaneander1bitFA:inst4|somadorcompleto:inst                ; somadorcompleto             ; work         ;
;          |ulaneander1bitFA:inst5|        ; 3 (0)               ; 0 (0)                     ; 0           ; 0            ; 0       ; 0         ; 0    ; 0            ; |neander|neander_datapath:inst3|ula_neander:inst99|ulaneander1bitFA:inst5                                     ; ulaneander1bitFA            ; work         ;
;             |mux5x1:mux|                 ; 3 (0)               ; 0 (0)                     ; 0           ; 0            ; 0       ; 0         ; 0    ; 0            ; |neander|neander_datapath:inst3|ula_neander:inst99|ulaneander1bitFA:inst5|mux5x1:mux                          ; mux5x1                      ; work         ;
;                |multiplexador-2-1:inst6| ; 3 (3)               ; 0 (0)                     ; 0           ; 0            ; 0       ; 0         ; 0    ; 0            ; |neander|neander_datapath:inst3|ula_neander:inst99|ulaneander1bitFA:inst5|mux5x1:mux|multiplexador-2-1:inst6  ; multiplexador-2-1           ; work         ;
;          |ulaneander1bitFA:inst6|        ; 6 (0)               ; 0 (0)                     ; 0           ; 0            ; 0       ; 0         ; 0    ; 0            ; |neander|neander_datapath:inst3|ula_neander:inst99|ulaneander1bitFA:inst6                                     ; ulaneander1bitFA            ; work         ;
;             |mux5x1:mux|                 ; 4 (0)               ; 0 (0)                     ; 0           ; 0            ; 0       ; 0         ; 0    ; 0            ; |neander|neander_datapath:inst3|ula_neander:inst99|ulaneander1bitFA:inst6|mux5x1:mux                          ; mux5x1                      ; work         ;
;                |multiplexador-2-1:inst6| ; 4 (4)               ; 0 (0)                     ; 0           ; 0            ; 0       ; 0         ; 0    ; 0            ; |neander|neander_datapath:inst3|ula_neander:inst99|ulaneander1bitFA:inst6|mux5x1:mux|multiplexador-2-1:inst6  ; multiplexador-2-1           ; work         ;
;             |somadorcompleto:inst|       ; 2 (2)               ; 0 (0)                     ; 0           ; 0            ; 0       ; 0         ; 0    ; 0            ; |neander|neander_datapath:inst3|ula_neander:inst99|ulaneander1bitFA:inst6|somadorcompleto:inst                ; somadorcompleto             ; work         ;
;          |ulaneander1bitFA:inst7|        ; 5 (0)               ; 0 (0)                     ; 0           ; 0            ; 0       ; 0         ; 0    ; 0            ; |neander|neander_datapath:inst3|ula_neander:inst99|ulaneander1bitFA:inst7                                     ; ulaneander1bitFA            ; work         ;
;             |mux5x1:mux|                 ; 3 (0)               ; 0 (0)                     ; 0           ; 0            ; 0       ; 0         ; 0    ; 0            ; |neander|neander_datapath:inst3|ula_neander:inst99|ulaneander1bitFA:inst7|mux5x1:mux                          ; mux5x1                      ; work         ;
;                |multiplexador-2-1:inst6| ; 3 (3)               ; 0 (0)                     ; 0           ; 0            ; 0       ; 0         ; 0    ; 0            ; |neander|neander_datapath:inst3|ula_neander:inst99|ulaneander1bitFA:inst7|mux5x1:mux|multiplexador-2-1:inst6  ; multiplexador-2-1           ; work         ;
;             |somadorcompleto:inst|       ; 2 (2)               ; 0 (0)                     ; 0           ; 0            ; 0       ; 0         ; 0    ; 0            ; |neander|neander_datapath:inst3|ula_neander:inst99|ulaneander1bitFA:inst7|somadorcompleto:inst                ; somadorcompleto             ; work         ;
;          |ulaneander1bitFA:inst8|        ; 5 (0)               ; 0 (0)                     ; 0           ; 0            ; 0       ; 0         ; 0    ; 0            ; |neander|neander_datapath:inst3|ula_neander:inst99|ulaneander1bitFA:inst8                                     ; ulaneander1bitFA            ; work         ;
;             |mux5x1:mux|                 ; 4 (0)               ; 0 (0)                     ; 0           ; 0            ; 0       ; 0         ; 0    ; 0            ; |neander|neander_datapath:inst3|ula_neander:inst99|ulaneander1bitFA:inst8|mux5x1:mux                          ; mux5x1                      ; work         ;
;                |multiplexador-2-1:inst6| ; 4 (4)               ; 0 (0)                     ; 0           ; 0            ; 0       ; 0         ; 0    ; 0            ; |neander|neander_datapath:inst3|ula_neander:inst99|ulaneander1bitFA:inst8|mux5x1:mux|multiplexador-2-1:inst6  ; multiplexador-2-1           ; work         ;
;             |somadorcompleto:inst|       ; 1 (1)               ; 0 (0)                     ; 0           ; 0            ; 0       ; 0         ; 0    ; 0            ; |neander|neander_datapath:inst3|ula_neander:inst99|ulaneander1bitFA:inst8|somadorcompleto:inst                ; somadorcompleto             ; work         ;
;          |ulaneander1bitFA:inst9|        ; 4 (0)               ; 0 (0)                     ; 0           ; 0            ; 0       ; 0         ; 0    ; 0            ; |neander|neander_datapath:inst3|ula_neander:inst99|ulaneander1bitFA:inst9                                     ; ulaneander1bitFA            ; work         ;
;             |mux5x1:mux|                 ; 4 (0)               ; 0 (0)                     ; 0           ; 0            ; 0       ; 0         ; 0    ; 0            ; |neander|neander_datapath:inst3|ula_neander:inst99|ulaneander1bitFA:inst9|mux5x1:mux                          ; mux5x1                      ; work         ;
;                |multiplexador-2-1:inst6| ; 4 (4)               ; 0 (0)                     ; 0           ; 0            ; 0       ; 0         ; 0    ; 0            ; |neander|neander_datapath:inst3|ula_neander:inst99|ulaneander1bitFA:inst9|mux5x1:mux|multiplexador-2-1:inst6  ; multiplexador-2-1           ; work         ;
;    |unidade_de_controle_neander:inst|    ; 39 (28)             ; 3 (0)                     ; 0           ; 0            ; 0       ; 0         ; 0    ; 0            ; |neander|unidade_de_controle_neander:inst                                                                     ; unidade_de_controle_neander ; work         ;
;       |contador-3bits:inst2zsd|          ; 4 (4)               ; 3 (3)                     ; 0           ; 0            ; 0       ; 0         ; 0    ; 0            ; |neander|unidade_de_controle_neander:inst|contador-3bits:inst2zsd                                             ; contador-3bits              ; work         ;
;       |decodificador_instrucoes:inst1|   ; 3 (3)               ; 0 (0)                     ; 0           ; 0            ; 0       ; 0         ; 0    ; 0            ; |neander|unidade_de_controle_neander:inst|decodificador_instrucoes:inst1                                      ; decodificador_instrucoes    ; work         ;
;       |temporizador:TEMPORIZADORinst|    ; 4 (4)               ; 0 (0)                     ; 0           ; 0            ; 0       ; 0         ; 0    ; 0            ; |neander|unidade_de_controle_neander:inst|temporizador:TEMPORIZADORinst                                       ; temporizador                ; work         ;
+------------------------------------------+---------------------+---------------------------+-------------+--------------+---------+-----------+------+--------------+---------------------------------------------------------------------------------------------------------------+-----------------------------+--------------+
Note: For table entries with two numbers listed, the numbers in parentheses indicate the number of resources of the given type used by the specific entity alone. The numbers listed outside of parentheses indicate the total resources of the given type used by the specific entity and all of its sub-entities in the hierarchy.


+---------------------------------------------------------------------------------------------+
; Registers Removed During Synthesis                                                          ;
+--------------------------------------------+------------------------------------------------+
; Register name                              ; Reason for Removal                             ;
+--------------------------------------------+------------------------------------------------+
; neander_datapath:inst3|registrador:AC|dff7 ; Merged with neander_datapath:inst3|NZ:NZ|inst2 ;
; Total Number of Removed Registers = 1      ;                                                ;
+--------------------------------------------+------------------------------------------------+


+------------------------------------------------------+
; General Register Statistics                          ;
+----------------------------------------------+-------+
; Statistic                                    ; Value ;
+----------------------------------------------+-------+
; Total registers                              ; 52    ;
; Number of registers using Synchronous Clear  ; 0     ;
; Number of registers using Synchronous Load   ; 0     ;
; Number of registers using Asynchronous Clear ; 0     ;
; Number of registers using Asynchronous Load  ; 0     ;
; Number of registers using Clock Enable       ; 41    ;
; Number of registers using Preset             ; 0     ;
+----------------------------------------------+-------+


+-----------------------------------------------------------------------------------------------------------------------------------------------------------------------------------------------------------------------------------+
; Multiplexer Restructuring Statistics (Restructuring Performed)                                                                                                                                                                    ;
+--------------------+-----------+---------------+----------------------+------------------------+------------+---------------------------------------------------------------------------------------------------------------------+
; Multiplexer Inputs ; Bus Width ; Baseline Area ; Area if Restructured ; Saving if Restructured ; Registered ; Example Multiplexer Output                                                                                          ;
+--------------------+-----------+---------------+----------------------+------------------------+------------+---------------------------------------------------------------------------------------------------------------------+
; 3:1                ; 8 bits    ; 16 LEs        ; 8 LEs                ; 8 LEs                  ; Yes        ; |neander|neander_datapath:inst3|registrador:REM|dff4                                                                ;
; 5:1                ; 8 bits    ; 24 LEs        ; 24 LEs               ; 0 LEs                  ; No         ; |neander|neander_datapath:inst3|ula_neander:inst99|ulaneander1bitFA:inst10|mux5x1:mux|multiplexador-2-1:inst6|inst3 ;
+--------------------+-----------+---------------+----------------------+------------------------+------------+---------------------------------------------------------------------------------------------------------------------+


+-----------------------------------------------------+
; Post-Synthesis Netlist Statistics for Top Partition ;
+-----------------------+-----------------------------+
; Type                  ; Count                       ;
+-----------------------+-----------------------------+
; boundary_port         ; 67                          ;
; cycloneiii_ff         ; 52                          ;
;     ENA               ; 41                          ;
;     plain             ; 11                          ;
; cycloneiii_lcell_comb ; 102                         ;
;     normal            ; 102                         ;
;         1 data inputs ; 1                           ;
;         2 data inputs ; 5                           ;
;         3 data inputs ; 32                          ;
;         4 data inputs ; 64                          ;
;                       ;                             ;
; Max LUT depth         ; 9.00                        ;
; Average LUT depth     ; 4.63                        ;
+-----------------------+-----------------------------+


+-------------------------------+
; Elapsed Time Per Partition    ;
+----------------+--------------+
; Partition Name ; Elapsed Time ;
+----------------+--------------+
; Top            ; 00:00:01     ;
+----------------+--------------+


+-------------------------------+
; Analysis & Synthesis Messages ;
+-------------------------------+
Info: *******************************************************************
Info: Running Quartus Prime Analysis & Synthesis
    Info: Version 20.1.1 Build 720 11/11/2020 SJ Lite Edition
    Info: Processing started: Mon May 24 14:07:25 2021
Info: Command: quartus_map --read_settings_files=on --write_settings_files=off neander -c neander
Warning (18236): Number of processors has not been specified which may cause overloading on shared machines.  Set the global assignment NUM_PARALLEL_PROCESSORS in your QSF to an appropriate value for best performance.
Info (20030): Parallel compilation is enabled and will use 4 of the 4 processors detected
Info (12021): Found 1 design units, including 1 entities, in source file contador-3bits.bdf
    Info (12023): Found entity 1: contador-3bits
Info (12021): Found 1 design units, including 1 entities, in source file neander.bdf
    Info (12023): Found entity 1: neander
Info (12021): Found 1 design units, including 1 entities, in source file decodulaop.bdf
    Info (12023): Found entity 1: decodULAop
Info (12021): Found 1 design units, including 1 entities, in source file encodeula_op.bdf
    Info (12023): Found entity 1: encodeULA_OP
Info (12021): Found 1 design units, including 1 entities, in source file main.bdf
    Info (12023): Found entity 1: main
Info (12127): Elaborating entity "neander" for the top level hierarchy
Warning (12125): Using design file unidade_de_controle_neander.bdf, which is not specified as a design file for the current project, but contains definitions for 1 design units and 1 entities in project
    Info (12023): Found entity 1: unidade_de_controle_neander
Info (12128): Elaborating entity "unidade_de_controle_neander" for hierarchy "unidade_de_controle_neander:inst"
Warning (12125): Using design file temporizador.bdf, which is not specified as a design file for the current project, but contains definitions for 1 design units and 1 entities in project
    Info (12023): Found entity 1: temporizador
Info (12128): Elaborating entity "temporizador" for hierarchy "unidade_de_controle_neander:inst|temporizador:TEMPORIZADORinst"
Info (12128): Elaborating entity "contador-3bits" for hierarchy "unidade_de_controle_neander:inst|contador-3bits:inst2zsd"
Warning (12125): Using design file decodificador_instrucoes.bdf, which is not specified as a design file for the current project, but contains definitions for 1 design units and 1 entities in project
    Info (12023): Found entity 1: decodificador_instrucoes
Info (12128): Elaborating entity "decodificador_instrucoes" for hierarchy "unidade_de_controle_neander:inst|decodificador_instrucoes:inst1"
Warning (12125): Using design file neander_datapath.bdf, which is not specified as a design file for the current project, but contains definitions for 1 design units and 1 entities in project
    Info (12023): Found entity 1: neander_datapath
Info (12128): Elaborating entity "neander_datapath" for hierarchy "neander_datapath:inst3"
Warning (12125): Using design file nz.bdf, which is not specified as a design file for the current project, but contains definitions for 1 design units and 1 entities in project
    Info (12023): Found entity 1: NZ
Info (12128): Elaborating entity "NZ" for hierarchy "neander_datapath:inst3|NZ:NZ"
Warning (12125): Using design file multiplexador-2-1.bdf, which is not specified as a design file for the current project, but contains definitions for 1 design units and 1 entities in project
    Info (12023): Found entity 1: multiplexador-2-1
Info (12128): Elaborating entity "multiplexador-2-1" for hierarchy "neander_datapath:inst3|NZ:NZ|multiplexador-2-1:Nmux"
Warning (12125): Using design file ula_neander.bdf, which is not specified as a design file for the current project, but contains definitions for 1 design units and 1 entities in project
    Info (12023): Found entity 1: ula_neander
Info (12128): Elaborating entity "ula_neander" for hierarchy "neander_datapath:inst3|ula_neander:inst99"
Warning (12125): Using design file ulaneander1bitfa.bdf, which is not specified as a design file for the current project, but contains definitions for 1 design units and 1 entities in project
    Info (12023): Found entity 1: ulaneander1bitFA
Info (12128): Elaborating entity "ulaneander1bitFA" for hierarchy "neander_datapath:inst3|ula_neander:inst99|ulaneander1bitFA:inst10"
Warning (12125): Using design file mux5x1.bdf, which is not specified as a design file for the current project, but contains definitions for 1 design units and 1 entities in project
    Info (12023): Found entity 1: mux5x1
Info (12128): Elaborating entity "mux5x1" for hierarchy "neander_datapath:inst3|ula_neander:inst99|ulaneander1bitFA:inst10|mux5x1:mux"
Warning (12125): Using design file somadorcompleto.bdf, which is not specified as a design file for the current project, but contains definitions for 1 design units and 1 entities in project
    Info (12023): Found entity 1: somadorcompleto
Info (12128): Elaborating entity "somadorcompleto" for hierarchy "neander_datapath:inst3|ula_neander:inst99|ulaneander1bitFA:inst10|somadorcompleto:inst"
Warning (12125): Using design file meiosomador.bdf, which is not specified as a design file for the current project, but contains definitions for 1 design units and 1 entities in project
    Info (12023): Found entity 1: meiosomador
Info (12128): Elaborating entity "meiosomador" for hierarchy "neander_datapath:inst3|ula_neander:inst99|ulaneander1bitFA:inst10|somadorcompleto:inst|meiosomador:inst7"
Warning (12125): Using design file ulaneander1bit.bdf, which is not specified as a design file for the current project, but contains definitions for 1 design units and 1 entities in project
    Info (12023): Found entity 1: ulaneander1bit
Info (12128): Elaborating entity "ulaneander1bit" for hierarchy "neander_datapath:inst3|ula_neander:inst99|ulaneander1bit:inst"
Warning (12125): Using design file registrador.bdf, which is not specified as a design file for the current project, but contains definitions for 1 design units and 1 entities in project
    Info (12023): Found entity 1: registrador
Info (12128): Elaborating entity "registrador" for hierarchy "neander_datapath:inst3|registrador:AC"
Warning (12125): Using design file registradorpc.bdf, which is not specified as a design file for the current project, but contains definitions for 1 design units and 1 entities in project
    Info (12023): Found entity 1: registradorPC
Info (12128): Elaborating entity "registradorPC" for hierarchy "neander_datapath:inst3|registradorPC:PC"
Warning (12125): Using design file multiplexador.bdf, which is not specified as a design file for the current project, but contains definitions for 1 design units and 1 entities in project
    Info (12023): Found entity 1: multiplexador
Info (12128): Elaborating entity "multiplexador" for hierarchy "neander_datapath:inst3|multiplexador:MUX16x8"
Info (12128): Elaborating entity "encodeULA_OP" for hierarchy "encodeULA_OP:inst2"
Warning (275009): Pin "ULA_ADD" not connected
Info (286030): Timing-Driven Synthesis is running
Info (16010): Generating hard_block partition "hard_block:auto_generated_inst"
    Info (16011): Adding 0 node(s), including 0 DDIO, 0 PLL, 0 transceiver and 0 LCELL
Info (21057): Implemented 200 device resources after synthesis - the final resource count might be different
    Info (21058): Implemented 9 input pins
    Info (21059): Implemented 58 output pins
    Info (21061): Implemented 133 logic cells
Info: Quartus Prime Analysis & Synthesis was successful. 0 errors, 17 warnings
    Info: Peak virtual memory: 623 megabytes
    Info: Processing ended: Mon May 24 14:07:36 2021
    Info: Elapsed time: 00:00:11
    Info: Total CPU time (on all processors): 00:00:26


