Flow report for neander_datapath
Mon Apr 26 19:25:01 2021
Quartus Prime Version 20.1.1 Build 720 11/11/2020 SJ Lite Edition


---------------------
; Table of Contents ;
---------------------
  1. Legal Notice
  2. Flow Summary
  3. Flow Settings
  4. Flow Non-Default Global Settings
  5. Flow Elapsed Time
  6. Flow OS Summary
  7. Flow Log
  8. Flow Messages
  9. Flow Suppressed Messages



----------------
; Legal Notice ;
----------------
Copyright (C) 2020  Intel Corporation. All rights reserved.
Your use of Intel Corporation's design tools, logic functions 
and other software and tools, and any partner logic 
functions, and any output files from any of the foregoing 
(including device programming or simulation files), and any 
associated documentation or information are expressly subject 
to the terms and conditions of the Intel Program License 
Subscription Agreement, the Intel Quartus Prime License Agreement,
the Intel FPGA IP License Agreement, or other applicable license
agreement, including, without limitation, that your use is for
the sole purpose of programming logic devices manufactured by
Intel and sold by Intel or its authorized distributors.  Please
refer to the applicable agreement for further details, at
https://fpgasoftware.intel.com/eula.



+----------------------------------------------------------------------------------+
; Flow Summary                                                                     ;
+------------------------------------+---------------------------------------------+
; Flow Status                        ; Successful - Mon Apr 26 19:25:01 2021       ;
; Quartus Prime Version              ; 20.1.1 Build 720 11/11/2020 SJ Lite Edition ;
; Revision Name                      ; neander_datapath                            ;
; Top-level Entity Name              ; neander_datapath                            ;
; Family                             ; Cyclone IV E                                ;
; Total logic elements               ; 78 / 6,272 ( 1 % )                          ;
;     Total combinational functions  ; 59 / 6,272 ( < 1 % )                        ;
;     Dedicated logic registers      ; 50 / 6,272 ( < 1 % )                        ;
; Total registers                    ; 50                                          ;
; Total pins                         ; 71 / 180 ( 39 % )                           ;
; Total virtual pins                 ; 0                                           ;
; Total memory bits                  ; 0 / 276,480 ( 0 % )                         ;
; Embedded Multiplier 9-bit elements ; 0 / 30 ( 0 % )                              ;
; Total PLLs                         ; 0 / 2 ( 0 % )                               ;
; Device                             ; EP4CE6F17C6                                 ;
; Timing Models                      ; Final                                       ;
+------------------------------------+---------------------------------------------+


+-----------------------------------------+
; Flow Settings                           ;
+-------------------+---------------------+
; Option            ; Setting             ;
+-------------------+---------------------+
; Start date & time ; 04/26/2021 19:11:30 ;
; Main task         ; Compilation         ;
; Revision Name     ; neander_datapath    ;
+-------------------+---------------------+


+-------------------------------------------------------------------------------------------------------------------------+
; Flow Non-Default Global Settings                                                                                        ;
+-------------------------------------+----------------------------------------+---------------+-------------+------------+
; Assignment Name                     ; Value                                  ; Default Value ; Entity Name ; Section Id ;
+-------------------------------------+----------------------------------------+---------------+-------------+------------+
; COMPILER_SIGNATURE_ID               ; 128437428662208.161947508908040        ; --            ; --          ; --         ;
; PARTITION_COLOR                     ; -- (Not supported for targeted family) ; --            ; --          ; Top        ;
; PARTITION_FITTER_PRESERVATION_LEVEL ; -- (Not supported for targeted family) ; --            ; --          ; Top        ;
; PARTITION_NETLIST_TYPE              ; -- (Not supported for targeted family) ; --            ; --          ; Top        ;
; PROJECT_OUTPUT_DIRECTORY            ; output_files                           ; --            ; --          ; --         ;
+-------------------------------------+----------------------------------------+---------------+-------------+------------+


+--------------------------------------------------------------------------------------------------------------------------+
; Flow Elapsed Time                                                                                                        ;
+----------------------+--------------+-------------------------+---------------------+------------------------------------+
; Module Name          ; Elapsed Time ; Average Processors Used ; Peak Virtual Memory ; Total CPU Time (on all processors) ;
+----------------------+--------------+-------------------------+---------------------+------------------------------------+
; Analysis & Synthesis ; 00:00:22     ; 1.0                     ; 623 MB              ; 00:00:27                           ;
; Fitter               ; 00:00:14     ; 1.0                     ; 1311 MB             ; 00:00:07                           ;
; Assembler            ; 00:00:02     ; 1.0                     ; 542 MB              ; 00:00:01                           ;
; Timing Analyzer      ; 00:00:03     ; 1.0                     ; 628 MB              ; 00:00:02                           ;
; EDA Netlist Writer   ; 00:00:01     ; 1.0                     ; 486 MB              ; 00:00:00                           ;
; EDA Netlist Writer   ; 00:00:01     ; 1.0                     ; 497 MB              ; 00:00:01                           ;
; EDA Netlist Writer   ; 00:00:01     ; 1.0                     ; 486 MB              ; 00:00:00                           ;
; EDA Netlist Writer   ; 00:00:01     ; 1.0                     ; 497 MB              ; 00:00:00                           ;
; EDA Netlist Writer   ; 00:00:01     ; 1.0                     ; 486 MB              ; 00:00:00                           ;
; EDA Netlist Writer   ; 00:00:01     ; 1.0                     ; 497 MB              ; 00:00:00                           ;
; EDA Netlist Writer   ; 00:00:00     ; 1.0                     ; 486 MB              ; 00:00:00                           ;
; EDA Netlist Writer   ; 00:00:00     ; 1.0                     ; 495 MB              ; 00:00:00                           ;
; EDA Netlist Writer   ; 00:00:00     ; 1.0                     ; 486 MB              ; 00:00:00                           ;
; EDA Netlist Writer   ; 00:00:00     ; 1.0                     ; 495 MB              ; 00:00:00                           ;
; EDA Netlist Writer   ; 00:00:00     ; 1.0                     ; 486 MB              ; 00:00:00                           ;
; EDA Netlist Writer   ; 00:00:00     ; 1.0                     ; 495 MB              ; 00:00:00                           ;
; EDA Netlist Writer   ; 00:00:01     ; 1.0                     ; 486 MB              ; 00:00:00                           ;
; EDA Netlist Writer   ; 00:00:01     ; 1.0                     ; 507 MB              ; 00:00:01                           ;
; Total                ; 00:00:49     ; --                      ; --                  ; 00:00:39                           ;
+----------------------+--------------+-------------------------+---------------------+------------------------------------+


+-----------------------------------------------------------------------------------+
; Flow OS Summary                                                                   ;
+----------------------+------------------+-----------+------------+----------------+
; Module Name          ; Machine Hostname ; OS Name   ; OS Version ; Processor type ;
+----------------------+------------------+-----------+------------+----------------+
; Analysis & Synthesis ; Matheus-PC       ; Windows 7 ; 6.1        ; x86_64         ;
; Fitter               ; Matheus-PC       ; Windows 7 ; 6.1        ; x86_64         ;
; Assembler            ; Matheus-PC       ; Windows 7 ; 6.1        ; x86_64         ;
; Timing Analyzer      ; Matheus-PC       ; Windows 7 ; 6.1        ; x86_64         ;
; EDA Netlist Writer   ; Matheus-PC       ; Windows 7 ; 6.1        ; x86_64         ;
; EDA Netlist Writer   ; Matheus-PC       ; Windows 7 ; 6.1        ; x86_64         ;
; EDA Netlist Writer   ; Matheus-PC       ; Windows 7 ; 6.1        ; x86_64         ;
; EDA Netlist Writer   ; Matheus-PC       ; Windows 7 ; 6.1        ; x86_64         ;
; EDA Netlist Writer   ; Matheus-PC       ; Windows 7 ; 6.1        ; x86_64         ;
; EDA Netlist Writer   ; Matheus-PC       ; Windows 7 ; 6.1        ; x86_64         ;
; EDA Netlist Writer   ; Matheus-PC       ; Windows 7 ; 6.1        ; x86_64         ;
; EDA Netlist Writer   ; Matheus-PC       ; Windows 7 ; 6.1        ; x86_64         ;
; EDA Netlist Writer   ; Matheus-PC       ; Windows 7 ; 6.1        ; x86_64         ;
; EDA Netlist Writer   ; Matheus-PC       ; Windows 7 ; 6.1        ; x86_64         ;
; EDA Netlist Writer   ; Matheus-PC       ; Windows 7 ; 6.1        ; x86_64         ;
; EDA Netlist Writer   ; Matheus-PC       ; Windows 7 ; 6.1        ; x86_64         ;
; EDA Netlist Writer   ; Matheus-PC       ; Windows 7 ; 6.1        ; x86_64         ;
; EDA Netlist Writer   ; Matheus-PC       ; Windows 7 ; 6.1        ; x86_64         ;
+----------------------+------------------+-----------+------------+----------------+


------------
; Flow Log ;
------------
quartus_map --read_settings_files=on --write_settings_files=off neander_datapath -c neander_datapath
quartus_fit --read_settings_files=off --write_settings_files=off neander_datapath -c neander_datapath
quartus_asm --read_settings_files=off --write_settings_files=off neander_datapath -c neander_datapath
quartus_sta neander_datapath -c neander_datapath
quartus_eda --gen_testbench --tool=modelsim_oem --format=verilog --write_settings_files=off neander_datapath -c neander_datapath --vector_source=D:/intelFPGA_lite/20.1/neander_datapath/Waveform1.vwf --testbench_file=D:/intelFPGA_lite/20.1/neander_datapath/simulation/qsim/Waveform1.vwf.vt
quartus_eda --write_settings_files=off --simulation=on --functional=on --flatten_buses=off --tool=modelsim_oem --format=verilog --output_directory=D:/intelFPGA_lite/20.1/neander_datapath/simulation/qsim/ neander_datapath -c neander_datapath
quartus_eda --gen_testbench --tool=modelsim_oem --format=verilog --write_settings_files=off neander_datapath -c neander_datapath --vector_source=D:/intelFPGA_lite/20.1/neander_datapath/Waveform1.vwf --testbench_file=D:/intelFPGA_lite/20.1/neander_datapath/simulation/qsim/Waveform1.vwf.vt
quartus_eda --write_settings_files=off --simulation=on --functional=on --flatten_buses=off --tool=modelsim_oem --format=verilog --output_directory=D:/intelFPGA_lite/20.1/neander_datapath/simulation/qsim/ neander_datapath -c neander_datapath
quartus_eda --gen_testbench --tool=modelsim_oem --format=verilog --write_settings_files=off neander_datapath -c neander_datapath --vector_source=D:/intelFPGA_lite/20.1/neander_datapath/Waveform1.vwf --testbench_file=D:/intelFPGA_lite/20.1/neander_datapath/simulation/qsim/Waveform1.vwf.vt
quartus_eda --write_settings_files=off --simulation=on --functional=on --flatten_buses=off --tool=modelsim_oem --format=verilog --output_directory=D:/intelFPGA_lite/20.1/neander_datapath/simulation/qsim/ neander_datapath -c neander_datapath
quartus_eda --gen_testbench --tool=modelsim_oem --format=verilog --write_settings_files=off neander_datapath -c neander_datapath --vector_source=D:/intelFPGA_lite/20.1/neander_datapath/Waveform1.vwf --testbench_file=D:/intelFPGA_lite/20.1/neander_datapath/simulation/qsim/Waveform1.vwf.vt
quartus_eda --write_settings_files=off --simulation=on --functional=on --flatten_buses=off --tool=modelsim_oem --format=verilog --output_directory=D:/intelFPGA_lite/20.1/neander_datapath/simulation/qsim/ neander_datapath -c neander_datapath
quartus_eda --gen_testbench --tool=modelsim_oem --format=verilog --write_settings_files=off neander_datapath -c neander_datapath --vector_source=D:/intelFPGA_lite/20.1/neander_datapath/Waveform1.vwf --testbench_file=D:/intelFPGA_lite/20.1/neander_datapath/simulation/qsim/Waveform1.vwf.vt
quartus_eda --write_settings_files=off --simulation=on --functional=on --flatten_buses=off --tool=modelsim_oem --format=verilog --output_directory=D:/intelFPGA_lite/20.1/neander_datapath/simulation/qsim/ neander_datapath -c neander_datapath
quartus_eda --gen_testbench --tool=modelsim_oem --format=verilog --write_settings_files=off neander_datapath -c neander_datapath --vector_source=D:/intelFPGA_lite/20.1/neander_datapath/Waveform1.vwf --testbench_file=D:/intelFPGA_lite/20.1/neander_datapath/simulation/qsim/Waveform1.vwf.vt
quartus_eda --write_settings_files=off --simulation=on --functional=on --flatten_buses=off --tool=modelsim_oem --format=verilog --output_directory=D:/intelFPGA_lite/20.1/neander_datapath/simulation/qsim/ neander_datapath -c neander_datapath
quartus_eda --gen_testbench --tool=modelsim_oem --format=verilog --write_settings_files=off neander_datapath -c neander_datapath --vector_source=D:/intelFPGA_lite/20.1/neander_datapath/Waveform1.vwf --testbench_file=D:/intelFPGA_lite/20.1/neander_datapath/simulation/qsim/Waveform1.vwf.vt
quartus_eda --write_settings_files=off --simulation=on --functional=off --flatten_buses=off --timescale=1ps --tool=modelsim_oem --format=verilog --output_directory=D:/intelFPGA_lite/20.1/neander_datapath/simulation/qsim/ neander_datapath -c neander_datapath



