Flow report for ripplecounter
Thu Apr 15 14:12:55 2021
Quartus Prime Version 20.1.1 Build 720 11/11/2020 SJ Lite Edition


---------------------
; Table of Contents ;
---------------------
  1. Legal Notice
  2. Flow Summary
  3. Flow Settings
  4. Flow Non-Default Global Settings
  5. Flow Elapsed Time
  6. Flow OS Summary
  7. Flow Log
  8. Flow Messages
  9. Flow Suppressed Messages



----------------
; Legal Notice ;
----------------
Copyright (C) 2020  Intel Corporation. All rights reserved.
Your use of Intel Corporation's design tools, logic functions 
and other software and tools, and any partner logic 
functions, and any output files from any of the foregoing 
(including device programming or simulation files), and any 
associated documentation or information are expressly subject 
to the terms and conditions of the Intel Program License 
Subscription Agreement, the Intel Quartus Prime License Agreement,
the Intel FPGA IP License Agreement, or other applicable license
agreement, including, without limitation, that your use is for
the sole purpose of programming logic devices manufactured by
Intel and sold by Intel or its authorized distributors.  Please
refer to the applicable agreement for further details, at
https://fpgasoftware.intel.com/eula.



+----------------------------------------------------------------------------------+
; Flow Summary                                                                     ;
+------------------------------------+---------------------------------------------+
; Flow Status                        ; Successful - Thu Apr 15 14:12:55 2021       ;
; Quartus Prime Version              ; 20.1.1 Build 720 11/11/2020 SJ Lite Edition ;
; Revision Name                      ; ripplecounter                               ;
; Top-level Entity Name              ; ripplecounterdecod7segment                  ;
; Family                             ; Cyclone IV GX                               ;
; Total logic elements               ; 29 / 14,400 ( < 1 % )                       ;
;     Total combinational functions  ; 22 / 14,400 ( < 1 % )                       ;
;     Dedicated logic registers      ; 8 / 14,400 ( < 1 % )                        ;
; Total registers                    ; 8                                           ;
; Total pins                         ; 15 / 81 ( 19 % )                            ;
; Total virtual pins                 ; 0                                           ;
; Total memory bits                  ; 0 / 552,960 ( 0 % )                         ;
; Embedded Multiplier 9-bit elements ; 0                                           ;
; Total GXB Receiver Channel PCS     ; 0 / 2 ( 0 % )                               ;
; Total GXB Receiver Channel PMA     ; 0 / 2 ( 0 % )                               ;
; Total GXB Transmitter Channel PCS  ; 0 / 2 ( 0 % )                               ;
; Total GXB Transmitter Channel PMA  ; 0 / 2 ( 0 % )                               ;
; Total PLLs                         ; 0 / 3 ( 0 % )                               ;
; Device                             ; EP4CGX15BF14C6                              ;
; Timing Models                      ; Final                                       ;
+------------------------------------+---------------------------------------------+


+-----------------------------------------+
; Flow Settings                           ;
+-------------------+---------------------+
; Option            ; Setting             ;
+-------------------+---------------------+
; Start date & time ; 04/15/2021 02:14:16 ;
; Main task         ; Compilation         ;
; Revision Name     ; ripplecounter       ;
+-------------------+---------------------+


+----------------------------------------------------------------------------------------------------------------------------------------+
; Flow Non-Default Global Settings                                                                                                       ;
+-------------------------------------+----------------------------------------+---------------+----------------------------+------------+
; Assignment Name                     ; Value                                  ; Default Value ; Entity Name                ; Section Id ;
+-------------------------------------+----------------------------------------+---------------+----------------------------+------------+
; COMPILER_SIGNATURE_ID               ; 128437428662208.161846365603060        ; --            ; --                         ; --         ;
; PARTITION_COLOR                     ; -- (Not supported for targeted family) ; --            ; ripplecounterdecod7segment ; Top        ;
; PARTITION_FITTER_PRESERVATION_LEVEL ; -- (Not supported for targeted family) ; --            ; ripplecounterdecod7segment ; Top        ;
; PARTITION_NETLIST_TYPE              ; -- (Not supported for targeted family) ; --            ; ripplecounterdecod7segment ; Top        ;
; PROJECT_OUTPUT_DIRECTORY            ; output_files                           ; --            ; --                         ; --         ;
; TOP_LEVEL_ENTITY                    ; ripplecounterdecod7segment             ; ripplecounter ; --                         ; --         ;
+-------------------------------------+----------------------------------------+---------------+----------------------------+------------+


+--------------------------------------------------------------------------------------------------------------------------+
; Flow Elapsed Time                                                                                                        ;
+----------------------+--------------+-------------------------+---------------------+------------------------------------+
; Module Name          ; Elapsed Time ; Average Processors Used ; Peak Virtual Memory ; Total CPU Time (on all processors) ;
+----------------------+--------------+-------------------------+---------------------+------------------------------------+
; Analysis & Synthesis ; 00:00:11     ; 1.0                     ; 691 MB              ; 00:00:26                           ;
; Fitter               ; 00:00:05     ; 1.0                     ; 1396 MB             ; 00:00:05                           ;
; Assembler            ; 00:00:01     ; 1.0                     ; 615 MB              ; 00:00:01                           ;
; Timing Analyzer      ; 00:00:02     ; 1.0                     ; 609 MB              ; 00:00:02                           ;
; EDA Netlist Writer   ; 00:00:00     ; 1.0                     ; 563 MB              ; 00:00:00                           ;
; EDA Netlist Writer   ; 00:00:01     ; 1.0                     ; 568 MB              ; 00:00:01                           ;
; EDA Netlist Writer   ; 00:00:04     ; 1.0                     ; 563 MB              ; 00:00:01                           ;
; EDA Netlist Writer   ; 00:00:02     ; 1.0                     ; 574 MB              ; 00:00:01                           ;
; EDA Netlist Writer   ; 00:00:01     ; 1.0                     ; 563 MB              ; 00:00:00                           ;
; EDA Netlist Writer   ; 00:00:01     ; 1.0                     ; 568 MB              ; 00:00:01                           ;
; EDA Netlist Writer   ; 00:00:00     ; 1.0                     ; 563 MB              ; 00:00:00                           ;
; EDA Netlist Writer   ; 00:00:01     ; 1.0                     ; 574 MB              ; 00:00:01                           ;
; EDA Netlist Writer   ; 00:00:01     ; 1.0                     ; 563 MB              ; 00:00:00                           ;
; EDA Netlist Writer   ; 00:00:01     ; 1.0                     ; 574 MB              ; 00:00:01                           ;
; Total                ; 00:00:31     ; --                      ; --                  ; 00:00:40                           ;
+----------------------+--------------+-------------------------+---------------------+------------------------------------+


+-----------------------------------------------------------------------------------+
; Flow OS Summary                                                                   ;
+----------------------+------------------+-----------+------------+----------------+
; Module Name          ; Machine Hostname ; OS Name   ; OS Version ; Processor type ;
+----------------------+------------------+-----------+------------+----------------+
; Analysis & Synthesis ; Matheus-PC       ; Windows 7 ; 6.1        ; x86_64         ;
; Fitter               ; Matheus-PC       ; Windows 7 ; 6.1        ; x86_64         ;
; Assembler            ; Matheus-PC       ; Windows 7 ; 6.1        ; x86_64         ;
; Timing Analyzer      ; Matheus-PC       ; Windows 7 ; 6.1        ; x86_64         ;
; EDA Netlist Writer   ; Matheus-PC       ; Windows 7 ; 6.1        ; x86_64         ;
; EDA Netlist Writer   ; Matheus-PC       ; Windows 7 ; 6.1        ; x86_64         ;
; EDA Netlist Writer   ; Matheus-PC       ; Windows 7 ; 6.1        ; x86_64         ;
; EDA Netlist Writer   ; Matheus-PC       ; Windows 7 ; 6.1        ; x86_64         ;
; EDA Netlist Writer   ; Matheus-PC       ; Windows 7 ; 6.1        ; x86_64         ;
; EDA Netlist Writer   ; Matheus-PC       ; Windows 7 ; 6.1        ; x86_64         ;
; EDA Netlist Writer   ; Matheus-PC       ; Windows 7 ; 6.1        ; x86_64         ;
; EDA Netlist Writer   ; Matheus-PC       ; Windows 7 ; 6.1        ; x86_64         ;
; EDA Netlist Writer   ; Matheus-PC       ; Windows 7 ; 6.1        ; x86_64         ;
; EDA Netlist Writer   ; Matheus-PC       ; Windows 7 ; 6.1        ; x86_64         ;
+----------------------+------------------+-----------+------------+----------------+


------------
; Flow Log ;
------------
quartus_map --read_settings_files=on --write_settings_files=off ripplecounter -c ripplecounter
quartus_fit --read_settings_files=off --write_settings_files=off ripplecounter -c ripplecounter
quartus_asm --read_settings_files=off --write_settings_files=off ripplecounter -c ripplecounter
quartus_sta ripplecounter -c ripplecounter
quartus_eda --gen_testbench --tool=modelsim_oem --format=verilog --write_settings_files=off ripplecounter -c ripplecounter --vector_source=D:/intelFPGA_lite/20.1/ripplecounter/Waveform2.vwf --testbench_file=D:/intelFPGA_lite/20.1/ripplecounter/simulation/qsim/Waveform2.vwf.vt
quartus_eda --write_settings_files=off --simulation=on --functional=on --flatten_buses=off --tool=modelsim_oem --format=verilog --output_directory=D:/intelFPGA_lite/20.1/ripplecounter/simulation/qsim/ ripplecounter -c ripplecounter
quartus_eda --gen_testbench --tool=modelsim_oem --format=verilog --write_settings_files=off ripplecounter -c ripplecounter --vector_source=D:/intelFPGA_lite/20.1/ripplecounter/Waveform2.vwf --testbench_file=D:/intelFPGA_lite/20.1/ripplecounter/simulation/qsim/Waveform2.vwf.vt
quartus_eda --write_settings_files=off --simulation=on --functional=off --flatten_buses=off --timescale=1ps --tool=modelsim_oem --format=verilog --output_directory=D:/intelFPGA_lite/20.1/ripplecounter/simulation/qsim/ ripplecounter -c ripplecounter
quartus_eda --gen_testbench --tool=modelsim_oem --format=verilog --write_settings_files=off ripplecounter -c ripplecounter --vector_source=D:/intelFPGA_lite/20.1/ripplecounter/Waveform1.vwf --testbench_file=D:/intelFPGA_lite/20.1/ripplecounter/simulation/qsim/Waveform1.vwf.vt
quartus_eda --write_settings_files=off --simulation=on --functional=on --flatten_buses=off --tool=modelsim_oem --format=verilog --output_directory=D:/intelFPGA_lite/20.1/ripplecounter/simulation/qsim/ ripplecounter -c ripplecounter
quartus_eda --gen_testbench --tool=modelsim_oem --format=verilog --write_settings_files=off ripplecounter -c ripplecounter --vector_source=D:/intelFPGA_lite/20.1/ripplecounter/Waveform1.vwf --testbench_file=D:/intelFPGA_lite/20.1/ripplecounter/simulation/qsim/Waveform1.vwf.vt
quartus_eda --write_settings_files=off --simulation=on --functional=off --flatten_buses=off --timescale=1ps --tool=modelsim_oem --format=verilog --output_directory=D:/intelFPGA_lite/20.1/ripplecounter/simulation/qsim/ ripplecounter -c ripplecounter
quartus_eda --gen_testbench --tool=modelsim_oem --format=verilog --write_settings_files=off ripplecounter -c ripplecounter --vector_source=D:/intelFPGA_lite/20.1/ripplecounter/Waveform1.vwf --testbench_file=D:/intelFPGA_lite/20.1/ripplecounter/simulation/qsim/Waveform1.vwf.vt
quartus_eda --write_settings_files=off --simulation=on --functional=off --flatten_buses=off --timescale=1ps --tool=modelsim_oem --format=verilog --output_directory=D:/intelFPGA_lite/20.1/ripplecounter/simulation/qsim/ ripplecounter -c ripplecounter



